==60741== Memcheck, a memory error detector
==60741== Copyright (C) 2002-2013, and GNU GPL'd, by Julian Seward et al.
==60741== Using Valgrind-3.10.1 and LibVEX; rerun with -h for copyright info
==60741== Command: ./pa03
==60741== Parent PID: 3065
==60741== 
--60741-- 
--60741-- Valgrind options:
--60741--    --tool=memcheck
--60741--    --leak-check=full
--60741--    --verbose
--60741--    --log-file=memcheckpa03.log
--60741-- Contents of /proc/version:
--60741--   Linux version 4.2.0-38-generic (buildd@lcy01-35) (gcc version 4.8.4 (Ubuntu 4.8.4-2ubuntu1~14.04.3) ) #45~14.04.1-Ubuntu SMP Thu Jun 9 09:27:51 UTC 2016
--60741-- Arch and hwcaps: AMD64, LittleEndian, amd64-cx16-rdtscp-sse3-avx
--60741-- Page sizes: currently 4096, max supported 4096
--60741-- Valgrind library directory: /usr/lib/valgrind
--60741-- Reading syms from /home/asheem/Documents/ece264/assignment/ECE264/pa03/pa03
--60741-- Reading syms from /lib/x86_64-linux-gnu/ld-2.19.so
--60741--   Considering /lib/x86_64-linux-gnu/ld-2.19.so ..
--60741--   .. CRC mismatch (computed 46abf574 wanted 3ca2d3ca)
--60741--   Considering /usr/lib/debug/lib/x86_64-linux-gnu/ld-2.19.so ..
--60741--   .. CRC is valid
--60741-- Reading syms from /usr/lib/valgrind/memcheck-amd64-linux
--60741--   Considering /usr/lib/valgrind/memcheck-amd64-linux ..
--60741--   .. CRC mismatch (computed 4f1eed43 wanted a323a3ab)
--60741--    object doesn't have a symbol table
--60741--    object doesn't have a dynamic symbol table
--60741-- Scheduler: using generic scheduler lock implementation.
--60741-- Reading suppressions file: /usr/lib/valgrind/default.supp
==60741== embedded gdbserver: reading from /tmp/vgdb-pipe-from-vgdb-to-60741-by-asheem-on-???
==60741== embedded gdbserver: writing to   /tmp/vgdb-pipe-to-vgdb-from-60741-by-asheem-on-???
==60741== embedded gdbserver: shared mem   /tmp/vgdb-pipe-shared-mem-vgdb-60741-by-asheem-on-???
==60741== 
==60741== TO CONTROL THIS PROCESS USING vgdb (which you probably
==60741== don't want to do, unless you know exactly what you're doing,
==60741== or are doing some strange experiment):
==60741==   /usr/lib/valgrind/../../bin/vgdb --pid=60741 ...command...
==60741== 
==60741== TO DEBUG THIS PROCESS USING GDB: start GDB like this
==60741==   /path/to/gdb ./pa03
==60741== and then give GDB the following command
==60741==   target remote | /usr/lib/valgrind/../../bin/vgdb --pid=60741
==60741== --pid is optional if only one valgrind process is running
==60741== 
--60741-- REDIR: 0x4019c50 (ld-linux-x86-64.so.2:strlen) redirected to 0x380764b1 (???)
--60741-- Reading syms from /usr/lib/valgrind/vgpreload_core-amd64-linux.so
--60741--   Considering /usr/lib/valgrind/vgpreload_core-amd64-linux.so ..
--60741--   .. CRC mismatch (computed fc68135e wanted 45f5e986)
--60741--    object doesn't have a symbol table
--60741-- Reading syms from /usr/lib/valgrind/vgpreload_memcheck-amd64-linux.so
--60741--   Considering /usr/lib/valgrind/vgpreload_memcheck-amd64-linux.so ..
--60741--   .. CRC mismatch (computed ae683f7e wanted 08c06df2)
--60741--    object doesn't have a symbol table
==60741== WARNING: new redirection conflicts with existing -- ignoring it
--60741--     old: 0x04019c50 (strlen              ) R-> (0000.0) 0x380764b1 ???
--60741--     new: 0x04019c50 (strlen              ) R-> (2007.0) 0x04c2e1a0 strlen
--60741-- REDIR: 0x4019a00 (ld-linux-x86-64.so.2:index) redirected to 0x4c2dd50 (index)
--60741-- REDIR: 0x4019c20 (ld-linux-x86-64.so.2:strcmp) redirected to 0x4c2f2f0 (strcmp)
--60741-- REDIR: 0x401a970 (ld-linux-x86-64.so.2:mempcpy) redirected to 0x4c31da0 (mempcpy)
--60741-- Reading syms from /lib/x86_64-linux-gnu/libc-2.19.so
--60741--   Considering /lib/x86_64-linux-gnu/libc-2.19.so ..
--60741--   .. CRC mismatch (computed ac9b5ddb wanted a10d05bf)
--60741--   Considering /usr/lib/debug/lib/x86_64-linux-gnu/libc-2.19.so ..
--60741--   .. CRC is valid
--60741-- REDIR: 0x4ec3c50 (libc.so.6:strcasecmp) redirected to 0x4a25720 (_vgnU_ifunc_wrapper)
--60741-- REDIR: 0x4ec5f40 (libc.so.6:strncasecmp) redirected to 0x4a25720 (_vgnU_ifunc_wrapper)
--60741-- REDIR: 0x4ec3420 (libc.so.6:memcpy@GLIBC_2.2.5) redirected to 0x4a25720 (_vgnU_ifunc_wrapper)
--60741-- REDIR: 0x4ec16b0 (libc.so.6:rindex) redirected to 0x4c2da30 (rindex)
--60741-- REDIR: 0x4eb9d00 (libc.so.6:free) redirected to 0x4c2bd80 (free)
==60741== 
==60741== HEAP SUMMARY:
==60741==     in use at exit: 0 bytes in 0 blocks
==60741==   total heap usage: 0 allocs, 0 frees, 0 bytes allocated
==60741== 
==60741== All heap blocks were freed -- no leaks are possible
==60741== 
==60741== ERROR SUMMARY: 0 errors from 0 contexts (suppressed: 0 from 0)
==60741== ERROR SUMMARY: 0 errors from 0 contexts (suppressed: 0 from 0)
