==54059== Memcheck, a memory error detector
==54059== Copyright (C) 2002-2013, and GNU GPL'd, by Julian Seward et al.
==54059== Using Valgrind-3.10.1 and LibVEX; rerun with -h for copyright info
==54059== Command: ./a.out
==54059== Parent PID: 3065
==54059== 
--54059-- 
--54059-- Valgrind options:
--54059--    --tool=memcheck
--54059--    --leak-check=full
--54059--    --verbose
--54059--    --log-file=memcheck.log
--54059-- Contents of /proc/version:
--54059--   Linux version 4.2.0-38-generic (buildd@lcy01-35) (gcc version 4.8.4 (Ubuntu 4.8.4-2ubuntu1~14.04.3) ) #45~14.04.1-Ubuntu SMP Thu Jun 9 09:27:51 UTC 2016
--54059-- Arch and hwcaps: AMD64, LittleEndian, amd64-cx16-rdtscp-sse3-avx
--54059-- Page sizes: currently 4096, max supported 4096
--54059-- Valgrind library directory: /usr/lib/valgrind
--54059-- Reading syms from /home/asheem/Documents/ece264/assignment/ECE264/pa03/a.out
--54059-- Reading syms from /lib/x86_64-linux-gnu/ld-2.19.so
--54059--   Considering /lib/x86_64-linux-gnu/ld-2.19.so ..
--54059--   .. CRC mismatch (computed 46abf574 wanted 3ca2d3ca)
--54059--   Considering /usr/lib/debug/lib/x86_64-linux-gnu/ld-2.19.so ..
--54059--   .. CRC is valid
--54059-- Reading syms from /usr/lib/valgrind/memcheck-amd64-linux
--54059--   Considering /usr/lib/valgrind/memcheck-amd64-linux ..
--54059--   .. CRC mismatch (computed 4f1eed43 wanted a323a3ab)
--54059--    object doesn't have a symbol table
--54059--    object doesn't have a dynamic symbol table
--54059-- Scheduler: using generic scheduler lock implementation.
--54059-- Reading suppressions file: /usr/lib/valgrind/default.supp
==54059== embedded gdbserver: reading from /tmp/vgdb-pipe-from-vgdb-to-54059-by-asheem-on-???
==54059== embedded gdbserver: writing to   /tmp/vgdb-pipe-to-vgdb-from-54059-by-asheem-on-???
==54059== embedded gdbserver: shared mem   /tmp/vgdb-pipe-shared-mem-vgdb-54059-by-asheem-on-???
==54059== 
==54059== TO CONTROL THIS PROCESS USING vgdb (which you probably
==54059== don't want to do, unless you know exactly what you're doing,
==54059== or are doing some strange experiment):
==54059==   /usr/lib/valgrind/../../bin/vgdb --pid=54059 ...command...
==54059== 
==54059== TO DEBUG THIS PROCESS USING GDB: start GDB like this
==54059==   /path/to/gdb ./a.out
==54059== and then give GDB the following command
==54059==   target remote | /usr/lib/valgrind/../../bin/vgdb --pid=54059
==54059== --pid is optional if only one valgrind process is running
==54059== 
--54059-- REDIR: 0x4019c50 (ld-linux-x86-64.so.2:strlen) redirected to 0x380764b1 (???)
--54059-- Reading syms from /usr/lib/valgrind/vgpreload_core-amd64-linux.so
--54059--   Considering /usr/lib/valgrind/vgpreload_core-amd64-linux.so ..
--54059--   .. CRC mismatch (computed fc68135e wanted 45f5e986)
--54059--    object doesn't have a symbol table
--54059-- Reading syms from /usr/lib/valgrind/vgpreload_memcheck-amd64-linux.so
--54059--   Considering /usr/lib/valgrind/vgpreload_memcheck-amd64-linux.so ..
--54059--   .. CRC mismatch (computed ae683f7e wanted 08c06df2)
--54059--    object doesn't have a symbol table
==54059== WARNING: new redirection conflicts with existing -- ignoring it
--54059--     old: 0x04019c50 (strlen              ) R-> (0000.0) 0x380764b1 ???
--54059--     new: 0x04019c50 (strlen              ) R-> (2007.0) 0x04c2e1a0 strlen
--54059-- REDIR: 0x4019a00 (ld-linux-x86-64.so.2:index) redirected to 0x4c2dd50 (index)
--54059-- REDIR: 0x4019c20 (ld-linux-x86-64.so.2:strcmp) redirected to 0x4c2f2f0 (strcmp)
--54059-- REDIR: 0x401a970 (ld-linux-x86-64.so.2:mempcpy) redirected to 0x4c31da0 (mempcpy)
--54059-- Reading syms from /lib/x86_64-linux-gnu/libc-2.19.so
--54059--   Considering /lib/x86_64-linux-gnu/libc-2.19.so ..
--54059--   .. CRC mismatch (computed ac9b5ddb wanted a10d05bf)
--54059--   Considering /usr/lib/debug/lib/x86_64-linux-gnu/libc-2.19.so ..
--54059--   .. CRC is valid
--54059-- REDIR: 0x4ec3c50 (libc.so.6:strcasecmp) redirected to 0x4a25720 (_vgnU_ifunc_wrapper)
--54059-- REDIR: 0x4ec5f40 (libc.so.6:strncasecmp) redirected to 0x4a25720 (_vgnU_ifunc_wrapper)
--54059-- REDIR: 0x4ec3420 (libc.so.6:memcpy@GLIBC_2.2.5) redirected to 0x4a25720 (_vgnU_ifunc_wrapper)
--54059-- REDIR: 0x4ec16b0 (libc.so.6:rindex) redirected to 0x4c2da30 (rindex)
--54059-- REDIR: 0x4ebf9b0 (libc.so.6:strlen) redirected to 0x4c2e0e0 (strlen)
--54059-- REDIR: 0x4eca9b0 (libc.so.6:strchrnul) redirected to 0x4c319b0 (strchrnul)
--54059-- REDIR: 0x4eb9d00 (libc.so.6:free) redirected to 0x4c2bd80 (free)
==54059== 
==54059== HEAP SUMMARY:
==54059==     in use at exit: 0 bytes in 0 blocks
==54059==   total heap usage: 0 allocs, 0 frees, 0 bytes allocated
==54059== 
==54059== All heap blocks were freed -- no leaks are possible
==54059== 
==54059== ERROR SUMMARY: 0 errors from 0 contexts (suppressed: 0 from 0)
==54059== ERROR SUMMARY: 0 errors from 0 contexts (suppressed: 0 from 0)
